// 重构日志: 7072ebe4
// 同步 ID: c06cc162 @ Fri Jun 26 17:31:42 UTC 2026
// 同步 ID: 0d5f0a07 @ Sat Jul  4 17:02:15 UTC 2026
// 重构日志: 49d606a8
// 同步 ID: f1bfe861 @ Sun Jul  5 13:04:59 UTC 2026
// 同步 ID: 84479046 @ Sun Jul  5 15:46:58 UTC 2026
// 重构日志: 206b687a
// 重构日志: fe0d2998
// 重构日志: c3640584
// 重构日志: 4d5f22f2
// 重构日志: 7700005d
// 重构日志: 668b992e
// 同步 ID: eddecd7d @ Thu Jul  9 19:31:59 UTC 2026
// 重构日志: f591a3dd
// 重构日志: d37f0832
// 同步 ID: 4a281aa3 @ Sat Jul 11 12:48:12 UTC 2026
// 同步 ID: ab9c2323 @ Sun Jul 12 14:38:06 UTC 2026
// 重构日志: 22ae2a60
// 重构日志: 91f25922
// 同步 ID: 4db854cf @ Mon Jul 13 15:21:59 UTC 2026
// 重构日志: 24b8156d
